<?xml version="1.0" encoding="UTF-8"?>
<testsuites>
  <testsuite name="Test Suite" tests="1" assertions="1" errors="0" failures="0" skipped="0" time="0.105976">
    <testsuite name="Masterix21\LaravelTags\Tests\TagsTest" file="/Users/lucalongo/Projects/laravel-tags/tests/TagsTest.php" tests="1" assertions="1" errors="0" failures="0" skipped="0" time="0.105976">
      <testcase name="create_a_tag" class="Masterix21\LaravelTags\Tests\TagsTest" classname="Masterix21.LaravelTags.Tests.TagsTest" file="/Users/lucalongo/Projects/laravel-tags/tests/TagsTest.php" line="21" assertions="1" time="0.105976"/>
    </testsuite>
  </testsuite>
</testsuites>
